----------------------------------------------------------------
Tue Feb 01 07:21:15 IST 2022:
Booting Derby version The Apache Software Foundation - Apache Derby - 10.14.2.0 - (1828579): instance a816c00e-017e-b2fa-9bad-0000099e0458 
on database directory memory:/mnt/x/wsl/Ubuntu/Test/Java/demo-spring-boot/b44bc2f2-1d58-4da0-aea2-32de27d32021 with class loader jdk.internal.loader.ClassLoaders$AppClassLoader@55054057 
Loaded from file:/home/battlegod/.m2/repository/org/apache/derby/derby/10.14.2.0/derby-10.14.2.0.jar
java.vendor=Ubuntu
java.runtime.version=11.0.11+9-Ubuntu-0ubuntu2.20.04
user.dir=/mnt/x/wsl/Ubuntu/Test/Java/demo-spring-boot
os.name=Linux
os.arch=amd64
os.version=4.19.84-microsoft-standard
derby.system.home=null
Database Class Loader started - derby.database.classpath=''
----------------------------------------------------------------
Tue Feb 01 07:28:19 IST 2022:
Shutting down instance a816c00e-017e-b2fa-9bad-0000099e0458 on database directory memory:/mnt/x/wsl/Ubuntu/Test/Java/demo-spring-boot/b44bc2f2-1d58-4da0-aea2-32de27d32021 with class loader jdk.internal.loader.ClassLoaders$AppClassLoader@55054057 
----------------------------------------------------------------
Tue Feb 01 07:28:21 IST 2022:
Booting Derby version The Apache Software Foundation - Apache Derby - 10.14.2.0 - (1828579): instance 292a80bc-017e-b2fa-9bad-0000099e0458 
on database directory memory:/mnt/x/wsl/Ubuntu/Test/Java/demo-spring-boot/23802326-e2a6-48d9-9ef2-29430f1b83df with class loader jdk.internal.loader.ClassLoaders$AppClassLoader@55054057 
Loaded from file:/home/battlegod/.m2/repository/org/apache/derby/derby/10.14.2.0/derby-10.14.2.0.jar
java.vendor=Ubuntu
java.runtime.version=11.0.11+9-Ubuntu-0ubuntu2.20.04
user.dir=/mnt/x/wsl/Ubuntu/Test/Java/demo-spring-boot
os.name=Linux
os.arch=amd64
os.version=4.19.84-microsoft-standard
derby.system.home=null
Database Class Loader started - derby.database.classpath=''
----------------------------------------------------------------
Tue Feb 01 07:28:25 IST 2022:
Shutting down instance 292a80bc-017e-b2fa-9bad-0000099e0458 on database directory memory:/mnt/x/wsl/Ubuntu/Test/Java/demo-spring-boot/23802326-e2a6-48d9-9ef2-29430f1b83df with class loader jdk.internal.loader.ClassLoaders$AppClassLoader@55054057 
----------------------------------------------------------------
Tue Feb 01 07:28:27 IST 2022:
Booting Derby version The Apache Software Foundation - Apache Derby - 10.14.2.0 - (1828579): instance c5044162-017e-b2fa-9bad-0000099e0458 
on database directory memory:/mnt/x/wsl/Ubuntu/Test/Java/demo-spring-boot/15532fc9-ab2c-467f-88b4-c63044e69791 with class loader jdk.internal.loader.ClassLoaders$AppClassLoader@55054057 
Loaded from file:/home/battlegod/.m2/repository/org/apache/derby/derby/10.14.2.0/derby-10.14.2.0.jar
java.vendor=Ubuntu
java.runtime.version=11.0.11+9-Ubuntu-0ubuntu2.20.04
user.dir=/mnt/x/wsl/Ubuntu/Test/Java/demo-spring-boot
os.name=Linux
os.arch=amd64
os.version=4.19.84-microsoft-standard
derby.system.home=null
Database Class Loader started - derby.database.classpath=''
----------------------------------------------------------------
Tue Feb 01 07:28:27 IST 2022:
Shutting down instance c5044162-017e-b2fa-9bad-0000099e0458 on database directory memory:/mnt/x/wsl/Ubuntu/Test/Java/demo-spring-boot/15532fc9-ab2c-467f-88b4-c63044e69791 with class loader jdk.internal.loader.ClassLoaders$AppClassLoader@55054057 
----------------------------------------------------------------
Tue Feb 01 07:28:31 IST 2022:
Booting Derby version The Apache Software Foundation - Apache Derby - 10.14.2.0 - (1828579): instance bbc70208-017e-b2fa-9bad-0000099e0458 
on database directory memory:/mnt/x/wsl/Ubuntu/Test/Java/demo-spring-boot/953a2c60-7150-4cf0-9580-8c22f3a6857a with class loader jdk.internal.loader.ClassLoaders$AppClassLoader@55054057 
Loaded from file:/home/battlegod/.m2/repository/org/apache/derby/derby/10.14.2.0/derby-10.14.2.0.jar
java.vendor=Ubuntu
java.runtime.version=11.0.11+9-Ubuntu-0ubuntu2.20.04
user.dir=/mnt/x/wsl/Ubuntu/Test/Java/demo-spring-boot
os.name=Linux
os.arch=amd64
os.version=4.19.84-microsoft-standard
derby.system.home=null
Database Class Loader started - derby.database.classpath=''
----------------------------------------------------------------
Tue Feb 01 07:28:38 IST 2022:
Shutting down instance bbc70208-017e-b2fa-9bad-0000099e0458 on database directory memory:/mnt/x/wsl/Ubuntu/Test/Java/demo-spring-boot/953a2c60-7150-4cf0-9580-8c22f3a6857a with class loader jdk.internal.loader.ClassLoaders$AppClassLoader@55054057 
----------------------------------------------------------------
Tue Feb 01 07:28:39 IST 2022:
Booting Derby version The Apache Software Foundation - Apache Derby - 10.14.2.0 - (1828579): instance 8d72c2ae-017e-b2fa-9bad-0000099e0458 
on database directory memory:/mnt/x/wsl/Ubuntu/Test/Java/demo-spring-boot/eb360e90-05f3-46dd-8ec6-952ded82048e with class loader jdk.internal.loader.ClassLoaders$AppClassLoader@55054057 
Loaded from file:/home/battlegod/.m2/repository/org/apache/derby/derby/10.14.2.0/derby-10.14.2.0.jar
java.vendor=Ubuntu
java.runtime.version=11.0.11+9-Ubuntu-0ubuntu2.20.04
user.dir=/mnt/x/wsl/Ubuntu/Test/Java/demo-spring-boot
os.name=Linux
os.arch=amd64
os.version=4.19.84-microsoft-standard
derby.system.home=null
Database Class Loader started - derby.database.classpath=''
----------------------------------------------------------------
Tue Feb 01 07:30:17 IST 2022:
Shutting down instance 8d72c2ae-017e-b2fa-9bad-0000099e0458 on database directory memory:/mnt/x/wsl/Ubuntu/Test/Java/demo-spring-boot/eb360e90-05f3-46dd-8ec6-952ded82048e with class loader jdk.internal.loader.ClassLoaders$AppClassLoader@55054057 
----------------------------------------------------------------
Tue Feb 01 07:30:19 IST 2022:
Booting Derby version The Apache Software Foundation - Apache Derby - 10.14.2.0 - (1828579): instance 298d835d-017e-b2fa-9bad-0000099e0458 
on database directory memory:/mnt/x/wsl/Ubuntu/Test/Java/demo-spring-boot/725868d7-85d7-4d28-b3e1-fca5aa52ee52 with class loader jdk.internal.loader.ClassLoaders$AppClassLoader@55054057 
Loaded from file:/home/battlegod/.m2/repository/org/apache/derby/derby/10.14.2.0/derby-10.14.2.0.jar
java.vendor=Ubuntu
java.runtime.version=11.0.11+9-Ubuntu-0ubuntu2.20.04
user.dir=/mnt/x/wsl/Ubuntu/Test/Java/demo-spring-boot
os.name=Linux
os.arch=amd64
os.version=4.19.84-microsoft-standard
derby.system.home=null
Database Class Loader started - derby.database.classpath=''
----------------------------------------------------------------
Tue Feb 01 07:30:27 IST 2022:
Shutting down instance 298d835d-017e-b2fa-9bad-0000099e0458 on database directory memory:/mnt/x/wsl/Ubuntu/Test/Java/demo-spring-boot/725868d7-85d7-4d28-b3e1-fca5aa52ee52 with class loader jdk.internal.loader.ClassLoaders$AppClassLoader@55054057 
----------------------------------------------------------------
Tue Feb 01 07:30:29 IST 2022:
Booting Derby version The Apache Software Foundation - Apache Derby - 10.14.2.0 - (1828579): instance a280c403-017e-b2fa-9bad-0000099e0458 
on database directory memory:/mnt/x/wsl/Ubuntu/Test/Java/demo-spring-boot/f92c511e-3a58-4b6e-8718-d75ac4a343b5 with class loader jdk.internal.loader.ClassLoaders$AppClassLoader@55054057 
Loaded from file:/home/battlegod/.m2/repository/org/apache/derby/derby/10.14.2.0/derby-10.14.2.0.jar
java.vendor=Ubuntu
java.runtime.version=11.0.11+9-Ubuntu-0ubuntu2.20.04
user.dir=/mnt/x/wsl/Ubuntu/Test/Java/demo-spring-boot
os.name=Linux
os.arch=amd64
os.version=4.19.84-microsoft-standard
derby.system.home=null
Database Class Loader started - derby.database.classpath=''
----------------------------------------------------------------
Tue Feb 01 07:30:29 IST 2022:
Shutting down instance a280c403-017e-b2fa-9bad-0000099e0458 on database directory memory:/mnt/x/wsl/Ubuntu/Test/Java/demo-spring-boot/f92c511e-3a58-4b6e-8718-d75ac4a343b5 with class loader jdk.internal.loader.ClassLoaders$AppClassLoader@55054057 
----------------------------------------------------------------
Tue Feb 01 07:30:33 IST 2022:
Booting Derby version The Apache Software Foundation - Apache Derby - 10.14.2.0 - (1828579): instance b65d04a9-017e-b2fa-9bad-0000099e0458 
on database directory memory:/mnt/x/wsl/Ubuntu/Test/Java/demo-spring-boot/4e3bbf56-d1e0-48cd-b6d5-e67a21f7915b with class loader jdk.internal.loader.ClassLoaders$AppClassLoader@55054057 
Loaded from file:/home/battlegod/.m2/repository/org/apache/derby/derby/10.14.2.0/derby-10.14.2.0.jar
java.vendor=Ubuntu
java.runtime.version=11.0.11+9-Ubuntu-0ubuntu2.20.04
user.dir=/mnt/x/wsl/Ubuntu/Test/Java/demo-spring-boot
os.name=Linux
os.arch=amd64
os.version=4.19.84-microsoft-standard
derby.system.home=null
Database Class Loader started - derby.database.classpath=''
----------------------------------------------------------------
Tue Feb 01 07:30:37 IST 2022:
Shutting down instance b65d04a9-017e-b2fa-9bad-0000099e0458 on database directory memory:/mnt/x/wsl/Ubuntu/Test/Java/demo-spring-boot/4e3bbf56-d1e0-48cd-b6d5-e67a21f7915b with class loader jdk.internal.loader.ClassLoaders$AppClassLoader@55054057 
----------------------------------------------------------------
Tue Feb 01 07:30:38 IST 2022:
Booting Derby version The Apache Software Foundation - Apache Derby - 10.14.2.0 - (1828579): instance e522454f-017e-b2fa-9bad-0000099e0458 
on database directory memory:/mnt/x/wsl/Ubuntu/Test/Java/demo-spring-boot/6b72d6c4-5d3f-4270-bc6b-a103badfb4a8 with class loader jdk.internal.loader.ClassLoaders$AppClassLoader@55054057 
Loaded from file:/home/battlegod/.m2/repository/org/apache/derby/derby/10.14.2.0/derby-10.14.2.0.jar
java.vendor=Ubuntu
java.runtime.version=11.0.11+9-Ubuntu-0ubuntu2.20.04
user.dir=/mnt/x/wsl/Ubuntu/Test/Java/demo-spring-boot
os.name=Linux
os.arch=amd64
os.version=4.19.84-microsoft-standard
derby.system.home=null
Database Class Loader started - derby.database.classpath=''
----------------------------------------------------------------
Tue Feb 01 07:30:42 IST 2022:
Shutting down instance e522454f-017e-b2fa-9bad-0000099e0458 on database directory memory:/mnt/x/wsl/Ubuntu/Test/Java/demo-spring-boot/6b72d6c4-5d3f-4270-bc6b-a103badfb4a8 with class loader jdk.internal.loader.ClassLoaders$AppClassLoader@55054057 
----------------------------------------------------------------
Tue Feb 01 07:30:44 IST 2022:
Booting Derby version The Apache Software Foundation - Apache Derby - 10.14.2.0 - (1828579): instance aed085f5-017e-b2fa-9bad-0000099e0458 
on database directory memory:/mnt/x/wsl/Ubuntu/Test/Java/demo-spring-boot/d165949c-4d9b-405c-a6f4-160e358c9d21 with class loader jdk.internal.loader.ClassLoaders$AppClassLoader@55054057 
Loaded from file:/home/battlegod/.m2/repository/org/apache/derby/derby/10.14.2.0/derby-10.14.2.0.jar
java.vendor=Ubuntu
java.runtime.version=11.0.11+9-Ubuntu-0ubuntu2.20.04
user.dir=/mnt/x/wsl/Ubuntu/Test/Java/demo-spring-boot
os.name=Linux
os.arch=amd64
os.version=4.19.84-microsoft-standard
derby.system.home=null
Database Class Loader started - derby.database.classpath=''
----------------------------------------------------------------
Tue Feb 01 07:30:49 IST 2022:
Shutting down instance aed085f5-017e-b2fa-9bad-0000099e0458 on database directory memory:/mnt/x/wsl/Ubuntu/Test/Java/demo-spring-boot/d165949c-4d9b-405c-a6f4-160e358c9d21 with class loader jdk.internal.loader.ClassLoaders$AppClassLoader@55054057 
----------------------------------------------------------------
Tue Feb 01 07:30:51 IST 2022:
Booting Derby version The Apache Software Foundation - Apache Derby - 10.14.2.0 - (1828579): instance 9367c69b-017e-b2fa-9bad-0000099e0458 
on database directory memory:/mnt/x/wsl/Ubuntu/Test/Java/demo-spring-boot/d4dc6c36-9fb6-4a52-aa74-e30bdd212d87 with class loader jdk.internal.loader.ClassLoaders$AppClassLoader@55054057 
Loaded from file:/home/battlegod/.m2/repository/org/apache/derby/derby/10.14.2.0/derby-10.14.2.0.jar
java.vendor=Ubuntu
java.runtime.version=11.0.11+9-Ubuntu-0ubuntu2.20.04
user.dir=/mnt/x/wsl/Ubuntu/Test/Java/demo-spring-boot
os.name=Linux
os.arch=amd64
os.version=4.19.84-microsoft-standard
derby.system.home=null
Database Class Loader started - derby.database.classpath=''
----------------------------------------------------------------
Tue Feb 01 07:30:56 IST 2022:
Shutting down instance 9367c69b-017e-b2fa-9bad-0000099e0458 on database directory memory:/mnt/x/wsl/Ubuntu/Test/Java/demo-spring-boot/d4dc6c36-9fb6-4a52-aa74-e30bdd212d87 with class loader jdk.internal.loader.ClassLoaders$AppClassLoader@55054057 
----------------------------------------------------------------
Tue Feb 01 07:30:58 IST 2022:
Booting Derby version The Apache Software Foundation - Apache Derby - 10.14.2.0 - (1828579): instance 12e80741-017e-b2fa-9bad-0000099e0458 
on database directory memory:/mnt/x/wsl/Ubuntu/Test/Java/demo-spring-boot/552bea55-f9d4-4d84-bd3a-e288594e26af with class loader jdk.internal.loader.ClassLoaders$AppClassLoader@55054057 
Loaded from file:/home/battlegod/.m2/repository/org/apache/derby/derby/10.14.2.0/derby-10.14.2.0.jar
java.vendor=Ubuntu
java.runtime.version=11.0.11+9-Ubuntu-0ubuntu2.20.04
user.dir=/mnt/x/wsl/Ubuntu/Test/Java/demo-spring-boot
os.name=Linux
os.arch=amd64
os.version=4.19.84-microsoft-standard
derby.system.home=null
Database Class Loader started - derby.database.classpath=''
----------------------------------------------------------------
Tue Feb 01 07:31:08 IST 2022:
Shutting down instance 12e80741-017e-b2fa-9bad-0000099e0458 on database directory memory:/mnt/x/wsl/Ubuntu/Test/Java/demo-spring-boot/552bea55-f9d4-4d84-bd3a-e288594e26af with class loader jdk.internal.loader.ClassLoaders$AppClassLoader@55054057 
----------------------------------------------------------------
Tue Feb 01 07:31:10 IST 2022:
Booting Derby version The Apache Software Foundation - Apache Derby - 10.14.2.0 - (1828579): instance ad5147e7-017e-b2fa-9bad-0000099e0458 
on database directory memory:/mnt/x/wsl/Ubuntu/Test/Java/demo-spring-boot/6d9931c2-5ae9-4d08-9ddb-cd761d824d50 with class loader jdk.internal.loader.ClassLoaders$AppClassLoader@55054057 
Loaded from file:/home/battlegod/.m2/repository/org/apache/derby/derby/10.14.2.0/derby-10.14.2.0.jar
java.vendor=Ubuntu
java.runtime.version=11.0.11+9-Ubuntu-0ubuntu2.20.04
user.dir=/mnt/x/wsl/Ubuntu/Test/Java/demo-spring-boot
os.name=Linux
os.arch=amd64
os.version=4.19.84-microsoft-standard
derby.system.home=null
Database Class Loader started - derby.database.classpath=''
----------------------------------------------------------------
Tue Feb 01 07:31:12 IST 2022:
Shutting down instance ad5147e7-017e-b2fa-9bad-0000099e0458 on database directory memory:/mnt/x/wsl/Ubuntu/Test/Java/demo-spring-boot/6d9931c2-5ae9-4d08-9ddb-cd761d824d50 with class loader jdk.internal.loader.ClassLoaders$AppClassLoader@55054057 
----------------------------------------------------------------
Tue Feb 01 07:31:14 IST 2022:
Booting Derby version The Apache Software Foundation - Apache Derby - 10.14.2.0 - (1828579): instance e2a3888d-017e-b2fa-9bad-0000099e0458 
on database directory memory:/mnt/x/wsl/Ubuntu/Test/Java/demo-spring-boot/6ea67f44-f802-4f1b-9970-b7bf5d405fce with class loader jdk.internal.loader.ClassLoaders$AppClassLoader@55054057 
Loaded from file:/home/battlegod/.m2/repository/org/apache/derby/derby/10.14.2.0/derby-10.14.2.0.jar
java.vendor=Ubuntu
java.runtime.version=11.0.11+9-Ubuntu-0ubuntu2.20.04
user.dir=/mnt/x/wsl/Ubuntu/Test/Java/demo-spring-boot
os.name=Linux
os.arch=amd64
os.version=4.19.84-microsoft-standard
derby.system.home=null
Database Class Loader started - derby.database.classpath=''
----------------------------------------------------------------
Tue Feb 01 07:31:18 IST 2022:
Shutting down instance e2a3888d-017e-b2fa-9bad-0000099e0458 on database directory memory:/mnt/x/wsl/Ubuntu/Test/Java/demo-spring-boot/6ea67f44-f802-4f1b-9970-b7bf5d405fce with class loader jdk.internal.loader.ClassLoaders$AppClassLoader@55054057 
----------------------------------------------------------------
Tue Feb 01 07:31:20 IST 2022:
Booting Derby version The Apache Software Foundation - Apache Derby - 10.14.2.0 - (1828579): instance 32dec933-017e-b2fa-9bad-0000099e0458 
on database directory memory:/mnt/x/wsl/Ubuntu/Test/Java/demo-spring-boot/492a7c07-0c85-4aa2-b81b-dcdc5c3ea3c3 with class loader jdk.internal.loader.ClassLoaders$AppClassLoader@55054057 
Loaded from file:/home/battlegod/.m2/repository/org/apache/derby/derby/10.14.2.0/derby-10.14.2.0.jar
java.vendor=Ubuntu
java.runtime.version=11.0.11+9-Ubuntu-0ubuntu2.20.04
user.dir=/mnt/x/wsl/Ubuntu/Test/Java/demo-spring-boot
os.name=Linux
os.arch=amd64
os.version=4.19.84-microsoft-standard
derby.system.home=null
Database Class Loader started - derby.database.classpath=''
----------------------------------------------------------------
Tue Feb 01 07:31:22 IST 2022:
Shutting down instance 32dec933-017e-b2fa-9bad-0000099e0458 on database directory memory:/mnt/x/wsl/Ubuntu/Test/Java/demo-spring-boot/492a7c07-0c85-4aa2-b81b-dcdc5c3ea3c3 with class loader jdk.internal.loader.ClassLoaders$AppClassLoader@55054057 
----------------------------------------------------------------
Tue Feb 01 07:31:24 IST 2022:
Booting Derby version The Apache Software Foundation - Apache Derby - 10.14.2.0 - (1828579): instance 1e0309d9-017e-b2fa-9bad-0000099e0458 
on database directory memory:/mnt/x/wsl/Ubuntu/Test/Java/demo-spring-boot/e9856fa4-7e01-4dd0-b5c8-78f3e1d382fe with class loader jdk.internal.loader.ClassLoaders$AppClassLoader@55054057 
Loaded from file:/home/battlegod/.m2/repository/org/apache/derby/derby/10.14.2.0/derby-10.14.2.0.jar
java.vendor=Ubuntu
java.runtime.version=11.0.11+9-Ubuntu-0ubuntu2.20.04
user.dir=/mnt/x/wsl/Ubuntu/Test/Java/demo-spring-boot
os.name=Linux
os.arch=amd64
os.version=4.19.84-microsoft-standard
derby.system.home=null
Database Class Loader started - derby.database.classpath=''
----------------------------------------------------------------
Tue Feb 01 07:31:26 IST 2022:
Shutting down instance 1e0309d9-017e-b2fa-9bad-0000099e0458 on database directory memory:/mnt/x/wsl/Ubuntu/Test/Java/demo-spring-boot/e9856fa4-7e01-4dd0-b5c8-78f3e1d382fe with class loader jdk.internal.loader.ClassLoaders$AppClassLoader@55054057 
----------------------------------------------------------------
Tue Feb 01 07:31:28 IST 2022:
Booting Derby version The Apache Software Foundation - Apache Derby - 10.14.2.0 - (1828579): instance 24104a7f-017e-b2fa-9bad-0000099e0458 
on database directory memory:/mnt/x/wsl/Ubuntu/Test/Java/demo-spring-boot/c4d33885-64d8-43c3-aad6-95922e08f399 with class loader jdk.internal.loader.ClassLoaders$AppClassLoader@55054057 
Loaded from file:/home/battlegod/.m2/repository/org/apache/derby/derby/10.14.2.0/derby-10.14.2.0.jar
java.vendor=Ubuntu
java.runtime.version=11.0.11+9-Ubuntu-0ubuntu2.20.04
user.dir=/mnt/x/wsl/Ubuntu/Test/Java/demo-spring-boot
os.name=Linux
os.arch=amd64
os.version=4.19.84-microsoft-standard
derby.system.home=null
Database Class Loader started - derby.database.classpath=''
----------------------------------------------------------------
Tue Feb 01 07:31:38 IST 2022:
Shutting down instance 24104a7f-017e-b2fa-9bad-0000099e0458 on database directory memory:/mnt/x/wsl/Ubuntu/Test/Java/demo-spring-boot/c4d33885-64d8-43c3-aad6-95922e08f399 with class loader jdk.internal.loader.ClassLoaders$AppClassLoader@55054057 
----------------------------------------------------------------
Tue Feb 01 07:31:39 IST 2022:
Booting Derby version The Apache Software Foundation - Apache Derby - 10.14.2.0 - (1828579): instance c5068b25-017e-b2fa-9bad-0000099e0458 
on database directory memory:/mnt/x/wsl/Ubuntu/Test/Java/demo-spring-boot/9ded15dd-a02f-4bf9-8d9a-56b7dbe61e65 with class loader jdk.internal.loader.ClassLoaders$AppClassLoader@55054057 
Loaded from file:/home/battlegod/.m2/repository/org/apache/derby/derby/10.14.2.0/derby-10.14.2.0.jar
java.vendor=Ubuntu
java.runtime.version=11.0.11+9-Ubuntu-0ubuntu2.20.04
user.dir=/mnt/x/wsl/Ubuntu/Test/Java/demo-spring-boot
os.name=Linux
os.arch=amd64
os.version=4.19.84-microsoft-standard
derby.system.home=null
Database Class Loader started - derby.database.classpath=''
----------------------------------------------------------------
Tue Feb 01 07:31:41 IST 2022:
Shutting down instance c5068b25-017e-b2fa-9bad-0000099e0458 on database directory memory:/mnt/x/wsl/Ubuntu/Test/Java/demo-spring-boot/9ded15dd-a02f-4bf9-8d9a-56b7dbe61e65 with class loader jdk.internal.loader.ClassLoaders$AppClassLoader@55054057 
----------------------------------------------------------------
Tue Feb 01 07:31:43 IST 2022:
Booting Derby version The Apache Software Foundation - Apache Derby - 10.14.2.0 - (1828579): instance 80e5cbcb-017e-b2fa-9bad-0000099e0458 
on database directory memory:/mnt/x/wsl/Ubuntu/Test/Java/demo-spring-boot/9dce1e91-bcef-4c14-b9bf-41b9f3dd90fd with class loader jdk.internal.loader.ClassLoaders$AppClassLoader@55054057 
Loaded from file:/home/battlegod/.m2/repository/org/apache/derby/derby/10.14.2.0/derby-10.14.2.0.jar
java.vendor=Ubuntu
java.runtime.version=11.0.11+9-Ubuntu-0ubuntu2.20.04
user.dir=/mnt/x/wsl/Ubuntu/Test/Java/demo-spring-boot
os.name=Linux
os.arch=amd64
os.version=4.19.84-microsoft-standard
derby.system.home=null
Database Class Loader started - derby.database.classpath=''
----------------------------------------------------------------
Tue Feb 01 07:31:49 IST 2022:
Shutting down instance 80e5cbcb-017e-b2fa-9bad-0000099e0458 on database directory memory:/mnt/x/wsl/Ubuntu/Test/Java/demo-spring-boot/9dce1e91-bcef-4c14-b9bf-41b9f3dd90fd with class loader jdk.internal.loader.ClassLoaders$AppClassLoader@55054057 
----------------------------------------------------------------
Tue Feb 01 07:31:51 IST 2022:
Booting Derby version The Apache Software Foundation - Apache Derby - 10.14.2.0 - (1828579): instance d7ae0c71-017e-b2fa-9bad-0000099e0458 
on database directory memory:/mnt/x/wsl/Ubuntu/Test/Java/demo-spring-boot/5af22051-456c-47e5-a8d1-dcaf8307ca25 with class loader jdk.internal.loader.ClassLoaders$AppClassLoader@55054057 
Loaded from file:/home/battlegod/.m2/repository/org/apache/derby/derby/10.14.2.0/derby-10.14.2.0.jar
java.vendor=Ubuntu
java.runtime.version=11.0.11+9-Ubuntu-0ubuntu2.20.04
user.dir=/mnt/x/wsl/Ubuntu/Test/Java/demo-spring-boot
os.name=Linux
os.arch=amd64
os.version=4.19.84-microsoft-standard
derby.system.home=null
Database Class Loader started - derby.database.classpath=''
----------------------------------------------------------------
Tue Feb 01 07:31:53 IST 2022:
Shutting down instance d7ae0c71-017e-b2fa-9bad-0000099e0458 on database directory memory:/mnt/x/wsl/Ubuntu/Test/Java/demo-spring-boot/5af22051-456c-47e5-a8d1-dcaf8307ca25 with class loader jdk.internal.loader.ClassLoaders$AppClassLoader@55054057 
----------------------------------------------------------------
Tue Feb 01 07:31:55 IST 2022:
Booting Derby version The Apache Software Foundation - Apache Derby - 10.14.2.0 - (1828579): instance 495f4d17-017e-b2fa-9bad-0000099e0458 
on database directory memory:/mnt/x/wsl/Ubuntu/Test/Java/demo-spring-boot/f6d337a6-45ef-46ab-ac18-45a904aa30fd with class loader jdk.internal.loader.ClassLoaders$AppClassLoader@55054057 
Loaded from file:/home/battlegod/.m2/repository/org/apache/derby/derby/10.14.2.0/derby-10.14.2.0.jar
java.vendor=Ubuntu
java.runtime.version=11.0.11+9-Ubuntu-0ubuntu2.20.04
user.dir=/mnt/x/wsl/Ubuntu/Test/Java/demo-spring-boot
os.name=Linux
os.arch=amd64
os.version=4.19.84-microsoft-standard
derby.system.home=null
Database Class Loader started - derby.database.classpath=''
----------------------------------------------------------------
Tue Feb 01 07:41:05 IST 2022:
Shutting down instance 495f4d17-017e-b2fa-9bad-0000099e0458 on database directory memory:/mnt/x/wsl/Ubuntu/Test/Java/demo-spring-boot/f6d337a6-45ef-46ab-ac18-45a904aa30fd with class loader jdk.internal.loader.ClassLoaders$AppClassLoader@55054057 
